<?xml version="1.0" encoding="UTF-8"?>
<!-- Generated by org.testng.reporters.JUnitReportReporter -->
<testsuite skipped="0" hostname="DESKTOP-TON2P3Q" name="com.company.Name.PackageName.TestLogin" tests="1" failures="0" timestamp="2020-05-19T14:26:42 IST" time="24.526" errors="0">
  <testcase name="test" time="24.526" classname="com.company.Name.PackageName.TestLogin"/>
</testsuite> <!-- com.company.Name.PackageName.TestLogin -->
