<?xml version="1.0" encoding="UTF-8"?>
<!-- Generated by org.testng.reporters.JUnitReportReporter -->
<testsuite skipped="0" hostname="DESKTOP-TON2P3Q" name="com.company.Name.PackageName.TestLogin" tests="1" failures="0" timestamp="2020-05-19T13:48:17 IST" time="31.139" errors="0">
  <testcase name="test" time="31.139" classname="com.company.Name.PackageName.TestLogin"/>
</testsuite> <!-- com.company.Name.PackageName.TestLogin -->
